<?xml version="1.0" encoding="UTF-8"?>
<testsuites name="jest tests" tests="9" failures="0" time="8">
  <testsuite name="icon" errors="0" failures="0" skipped="0" timestamp="2019-06-12T12:31:39" time="5.032" tests="2">
    <testcase classname="icon render successfully" name="icon render successfully" time="0.019">
    </testcase>
    <testcase classname="icon onClick" name="icon onClick" time="0.059">
    </testcase>
  </testsuite>
  <testsuite name="button" errors="0" failures="0" skipped="0" timestamp="2019-06-12T12:31:39" time="5.043" tests="1">
    <testcase classname="button 是个 div" name="button 是个 div" time="0.016">
    </testcase>
  </testsuite>
  <testsuite name="undefined" errors="0" failures="0" skipped="0" timestamp="2019-06-12T12:31:39" time="5.033" tests="1">
    <testcase classname=" 1 加 2 应该等于 3" name=" 1 加 2 应该等于 3" time="0.006">
    </testcase>
  </testsuite>
  <testsuite name="classes" errors="0" failures="0" skipped="0" timestamp="2019-06-12T12:31:44" time="0.411" tests="5">
    <testcase classname="classes 接受 1 个 className" name="classes 接受 1 个 className" time="0.001">
    </testcase>
    <testcase classname="classes 接受 2 个 className" name="classes 接受 2 个 className" time="0">
    </testcase>
    <testcase classname="classes 接受 undefined 结果中不含 undefined" name="classes 接受 undefined 结果中不含 undefined" time="0">
    </testcase>
    <testcase classname="classes 接受了奇怪的值应该被过滤" name="classes 接受了奇怪的值应该被过滤" time="0">
    </testcase>
    <testcase classname="classes 接受 0 个参数 结果应为空字符串" name="classes 接受 0 个参数 结果应为空字符串" time="0">
    </testcase>
  </testsuite>
</testsuites>